<?xml version="1.0" encoding="UTF-8"?>
<testng-results total="1" passed="1" failed="0" skipped="0">
  <reporter-output>
  </reporter-output>
  <suite started-at="2024-03-22T05:26:04Z" name="Surefire suite" finished-at="2024-03-22T05:26:10Z" duration-ms="6479">
    <groups>
    </groups>
    <test started-at="2024-03-22T05:26:04Z" name="Surefire test" finished-at="2024-03-22T05:26:10Z" duration-ms="6479">
      <class name="testCases.NewTest">
        <test-method signature="f()[pri:0, instance:testCases.NewTest@2bea5ab4]" started-at="2024-03-22T10:56:04Z" name="f" finished-at="2024-03-22T10:56:10Z" duration-ms="6468" status="PASS">
          <reporter-output>
          </reporter-output>
        </test-method> <!-- f -->
      </class> <!-- testCases.NewTest -->
    </test> <!-- Surefire test -->
  </suite> <!-- Surefire suite -->
</testng-results>
